2456230
2456240
2456241
2456242
2456243
2456244
2456245
2456246
2456247
2456248
2456249
2456250
2456251
2456252
2456253
2456254
2456255
2456256
2456257
2456258
2456259
2456260
2456261
2456262
2456263
2456264
2456265
2456266
2456267
2456268
2456269
2456270
2456271
2456272
2456273
2456274
2456275
2456276
2456277
2456278
2456279
2456280
2456281
2456282
2456283
2456284
2456285
2456286
2456287
2456288
2456289
2456290
2456291
2456292
2456293
2456294
2456295
2456296
2456297
2456298
2456299
2456300
2456301
2456302
2456304
2456305
2456306
2456307
2456309
2456310
2456311
2456312
2456313
2456314
2456315
2456316
2456317
2456318
2456319
2456320
2456321
2456322
2456323
2456324
2456325
2456326
2456327
2456328
2456329
2456330
2456331
2456332
2456333
2456334
2456335
2456336
2456337
2456338
2456339
2456340
2456341
2456342
2456343
2456344
2456345
2456346
2456347
2456348
2456349
2456350
2456351
2456352
2456353
2456354
2456355
2456356
2456358
2456359
2456360
2456361
2456362
2456363
2456364
2456365
2456366
2456367
2456368
2456369
2456370
2456371
2456372
2456373
2456374
2456375
2456376
2456377
2456378
